<?xml version="1.0" encoding="UTF-8"?>
<!-- Generated by org.testng.reporters.JUnitReportReporter -->
<testsuite hostname="DESKTOP-U69PFSK" failures="0" tests="4" name="com.TestNG_Features.Dependence_Test" time="0.039" errors="0" timestamp="2022-11-17T20:48:31 IST" skipped="0">
  <testcase classname="com.TestNG_Features.Dependence_Test" name="Year" time="0.002"/>
  <system-out/>
  <testcase classname="com.TestNG_Features.Dependence_Test" name="CVV" time="0.028"/>
  <system-out/>
  <testcase classname="com.TestNG_Features.Dependence_Test" name="Month" time="0.006"/>
  <system-out/>
  <testcase classname="com.TestNG_Features.Dependence_Test" name="Card" time="0.003"/>
  <system-out/>
</testsuite> <!-- com.TestNG_Features.Dependence_Test -->
