<?xml version="1.0" encoding="UTF-8"?>
<!-- Generated by org.testng.reporters.JUnitReportReporter -->
<testsuite hostname="DESKTOP-U69PFSK" failures="0" tests="2" name="com.TestNG_Features.ParallelTest" time="36.379" errors="0" timestamp="2022-11-27T21:26:08 IST" skipped="0">
  <testcase classname="com.TestNG_Features.ParallelTest" name="internetexplorer" time="20.667"/>
  <system-out/>
  <testcase classname="com.TestNG_Features.ParallelTest" name="chrome" time="15.712"/>
  <system-out/>
</testsuite> <!-- com.TestNG_Features.ParallelTest -->
