<?xml version="1.0" encoding="UTF-8"?>
<!-- Generated by org.testng.reporters.JUnitReportReporter -->
<testsuite hostname="DESKTOP-U69PFSK" failures="0" tests="1" name="com.TestNG_Features.Timeout_Test" time="5.041" errors="0" timestamp="2022-11-27T20:56:17 IST" skipped="0">
  <testcase classname="com.TestNG_Features.Timeout_Test" name="Projects" time="5.041"/>
  <system-out/>
</testsuite> <!-- com.TestNG_Features.Timeout_Test -->
