<?xml version="1.0" encoding="UTF-8"?>
<!-- Generated by org.testng.reporters.JUnitReportReporter -->
<testsuite hostname="DESKTOP-U69PFSK" failures="0" tests="3" name="com.TestNG_Features.Dataprovider" time="0.031" errors="0" timestamp="2022-11-27T22:33:22 IST" skipped="0">
  <testcase classname="com.TestNG_Features.Dataprovider" name="Details" time="0.020"/>
  <system-out/>
  <testcase classname="com.TestNG_Features.Dataprovider" name="Details" time="0.003"/>
  <system-out/>
  <testcase classname="com.TestNG_Features.Dataprovider" name="Details" time="0.008"/>
  <system-out/>
</testsuite> <!-- com.TestNG_Features.Dataprovider -->
