<?xml version="1.0" encoding="UTF-8"?>
<!-- Generated by org.testng.reporters.JUnitReportReporter -->
<testsuite hostname="DESKTOP-U69PFSK" failures="0" tests="1" name="com.TestNG_Features.SimpleAnnotation" time="0.033" errors="0" timestamp="2022-11-27T19:57:04 IST" skipped="0">
  <testcase classname="com.TestNG_Features.SimpleAnnotation" name="Test2" time="0.033"/>
  <system-out/>
</testsuite> <!-- com.TestNG_Features.SimpleAnnotation -->
