<?xml version="1.0" encoding="UTF-8"?>
<!-- Generated by org.testng.reporters.JUnitReportReporter -->
<testsuite hostname="DESKTOP-U69PFSK" failures="0" tests="3" name="com.TestNG_Features.SoftAssert" time="0.035" errors="1" timestamp="2022-11-22T21:41:37 IST" skipped="0">
  <testcase classname="com.TestNG_Features.SoftAssert" name="Bike" time="0.022"/>
  <system-out/>
  <testcase classname="com.TestNG_Features.SoftAssert" name="Bikes" time="0.008">
    <error type="java.lang.StackOverflowError">
      <![CDATA[java.lang.StackOverflowError
at com.TestNG_Features.SoftAssert.Bikes(SoftAssert.java:21)
at com.TestNG_Features.SoftAssert.Bikes(SoftAssert.java:21)
at com.TestNG_Features.SoftAssert.Bikes(SoftAssert.java:21)
at com.TestNG_Features.SoftAssert.Bikes(SoftAssert.java:21)
at com.TestNG_Features.SoftAssert.Bikes(SoftAssert.java:21)
at com.TestNG_Features.SoftAssert.Bikes(SoftAssert.java:21)
at com.TestNG_Features.SoftAssert.Bikes(SoftAssert.java:21)
at com.TestNG_Features.SoftAssert.Bikes(SoftAssert.java:21)
at com.TestNG_Features.SoftAssert.Bikes(SoftAssert.java:21)
at com.TestNG_Features.SoftAssert.Bikes(SoftAssert.java:21)
at com.TestNG_Features.SoftAssert.Bikes(SoftAssert.java:21)
at com.TestNG_Features.SoftAssert.Bikes(SoftAssert.java:21)
at com.TestNG_Features.SoftAssert.Bikes(SoftAssert.java:21)
at com.TestNG_Features.SoftAssert.Bikes(SoftAssert.java:21)
at com.TestNG_Features.SoftAssert.Bikes(SoftAssert.java:21)
at com.TestNG_Features.SoftAssert.Bikes(SoftAssert.java:21)
at com.TestNG_Features.SoftAssert.Bikes(SoftAssert.java:21)
at com.TestNG_Features.SoftAssert.Bikes(SoftAssert.java:21)
at com.TestNG_Features.SoftAssert.Bikes(SoftAssert.java:21)
at com.TestNG_Features.SoftAssert.Bikes(SoftAssert.java:21)
at com.TestNG_Features.SoftAssert.Bikes(SoftAssert.java:21)
at com.TestNG_Features.SoftAssert.Bikes(SoftAssert.java:21)
at com.TestNG_Features.SoftAssert.Bikes(SoftAssert.java:21)
at com.TestNG_Features.SoftAssert.Bikes(SoftAssert.java:21)
at com.TestNG_Features.SoftAssert.Bikes(SoftAssert.java:21)
at com.TestNG_Features.SoftAssert.Bikes(SoftAssert.java:21)
at com.TestNG_Features.SoftAssert.Bikes(SoftAssert.java:21)
at com.TestNG_Features.SoftAssert.Bikes(SoftAssert.java:21)
at com.TestNG_Features.SoftAssert.Bikes(SoftAssert.java:21)
at com.TestNG_Features.SoftAssert.Bikes(SoftAssert.java:21)
at com.TestNG_Features.SoftAssert.Bikes(SoftAssert.java:21)
at com.TestNG_Features.SoftAssert.Bikes(SoftAssert.java:21)
at com.TestNG_Features.SoftAssert.Bikes(SoftAssert.java:21)
at com.TestNG_Features.SoftAssert.Bikes(SoftAssert.java:21)
at com.TestNG_Features.SoftAssert.Bikes(SoftAssert.java:21)
at com.TestNG_Features.SoftAssert.Bikes(SoftAssert.java:21)
at com.TestNG_Features.SoftAssert.Bikes(SoftAssert.java:21)
at com.TestNG_Features.SoftAssert.Bikes(SoftAssert.java:21)
at com.TestNG_Features.SoftAssert.Bikes(SoftAssert.java:21)
at com.TestNG_Features.SoftAssert.Bikes(SoftAssert.java:21)
at com.TestNG_Features.SoftAssert.Bikes(SoftAssert.java:21)
at com.TestNG_Features.SoftAssert.Bikes(SoftAssert.java:21)
at com.TestNG_Features.SoftAssert.Bikes(SoftAssert.java:21)
at com.TestNG_Features.SoftAssert.Bikes(SoftAssert.java:21)
at com.TestNG_Features.SoftAssert.Bikes(SoftAssert.java:21)
at com.TestNG_Features.SoftAssert.Bikes(SoftAssert.java:21)
at com.TestNG_Features.SoftAssert.Bikes(SoftAssert.java:21)
at com.TestNG_Features.SoftAssert.Bikes(SoftAssert.java:21)
at com.TestNG_Features.SoftAssert.Bikes(SoftAssert.java:21)
at com.TestNG_Features.SoftAssert.Bikes(SoftAssert.java:21)
at com.TestNG_Features.SoftAssert.Bikes(SoftAssert.java:21)
at com.TestNG_Features.SoftAssert.Bikes(SoftAssert.java:21)
at com.TestNG_Features.SoftAssert.Bikes(SoftAssert.java:21)
at com.TestNG_Features.SoftAssert.Bikes(SoftAssert.java:21)
at com.TestNG_Features.SoftAssert.Bikes(SoftAssert.java:21)
at com.TestNG_Features.SoftAssert.Bikes(SoftAssert.java:21)
at com.TestNG_Features.SoftAssert.Bikes(SoftAssert.java:21)
at com.TestNG_Features.SoftAssert.Bikes(SoftAssert.java:21)
at com.TestNG_Features.SoftAssert.Bikes(SoftAssert.java:21)
at com.TestNG_Features.SoftAssert.Bikes(SoftAssert.java:21)
at com.TestNG_Features.SoftAssert.Bikes(SoftAssert.java:21)
at com.TestNG_Features.SoftAssert.Bikes(SoftAssert.java:21)
at com.TestNG_Features.SoftAssert.Bikes(SoftAssert.java:21)
at com.TestNG_Features.SoftAssert.Bikes(SoftAssert.java:21)
at com.TestNG_Features.SoftAssert.Bikes(SoftAssert.java:21)
at com.TestNG_Features.SoftAssert.Bikes(SoftAssert.java:21)
at com.TestNG_Features.SoftAssert.Bikes(SoftAssert.java:21)
at com.TestNG_Features.SoftAssert.Bikes(SoftAssert.java:21)
at com.TestNG_Features.SoftAssert.Bikes(SoftAssert.java:21)
at com.TestNG_Features.SoftAssert.Bikes(SoftAssert.java:21)
at com.TestNG_Features.SoftAssert.Bikes(SoftAssert.java:21)
at com.TestNG_Features.SoftAssert.Bikes(SoftAssert.java:21)
at com.TestNG_Features.SoftAssert.Bikes(SoftAssert.java:21)
at com.TestNG_Features.SoftAssert.Bikes(SoftAssert.java:21)
at com.TestNG_Features.SoftAssert.Bikes(SoftAssert.java:21)
at com.TestNG_Features.SoftAssert.Bikes(SoftAssert.java:21)
at com.TestNG_Features.SoftAssert.Bikes(SoftAssert.java:21)
at com.TestNG_Features.SoftAssert.Bikes(SoftAssert.java:21)
at com.TestNG_Features.SoftAssert.Bikes(SoftAssert.java:21)
at com.TestNG_Features.SoftAssert.Bikes(SoftAssert.java:21)
at com.TestNG_Features.SoftAssert.Bikes(SoftAssert.java:21)
at com.TestNG_Features.SoftAssert.Bikes(SoftAssert.java:21)
at com.TestNG_Features.SoftAssert.Bikes(SoftAssert.java:21)
at com.TestNG_Features.SoftAssert.Bikes(SoftAssert.java:21)
at com.TestNG_Features.SoftAssert.Bikes(SoftAssert.java:21)
at com.TestNG_Features.SoftAssert.Bikes(SoftAssert.java:21)
at com.TestNG_Features.SoftAssert.Bikes(SoftAssert.java:21)
at com.TestNG_Features.SoftAssert.Bikes(SoftAssert.java:21)
at com.TestNG_Features.SoftAssert.Bikes(SoftAssert.java:21)
at com.TestNG_Features.SoftAssert.Bikes(SoftAssert.java:21)
at com.TestNG_Features.SoftAssert.Bikes(SoftAssert.java:21)
at com.TestNG_Features.SoftAssert.Bikes(SoftAssert.java:21)
at com.TestNG_Features.SoftAssert.Bikes(SoftAssert.java:21)
at com.TestNG_Features.SoftAssert.Bikes(SoftAssert.java:21)
at com.TestNG_Features.SoftAssert.Bikes(SoftAssert.java:21)
at com.TestNG_Features.SoftAssert.Bikes(SoftAssert.java:21)
at com.TestNG_Features.SoftAssert.Bikes(SoftAssert.java:21)
at com.TestNG_Features.SoftAssert.Bikes(SoftAssert.java:21)
at com.TestNG_Features.SoftAssert.Bikes(SoftAssert.java:21)
at com.TestNG_Features.SoftAssert.Bikes(SoftAssert.java:21)
at com.TestNG_Features.SoftAssert.Bikes(SoftAssert.java:21)
at com.TestNG_Features.SoftAssert.Bikes(SoftAssert.java:21)
at com.TestNG_Features.SoftAssert.Bikes(SoftAssert.java:21)
at com.TestNG_Features.SoftAssert.Bikes(SoftAssert.java:21)
at com.TestNG_Features.SoftAssert.Bikes(SoftAssert.java:21)
at com.TestNG_Features.SoftAssert.Bikes(SoftAssert.java:21)
at com.TestNG_Features.SoftAssert.Bikes(SoftAssert.java:21)
at com.TestNG_Features.SoftAssert.Bikes(SoftAssert.java:21)
at com.TestNG_Features.SoftAssert.Bikes(SoftAssert.java:21)
at com.TestNG_Features.SoftAssert.Bikes(SoftAssert.java:21)
at com.TestNG_Features.SoftAssert.Bikes(SoftAssert.java:21)
at com.TestNG_Features.SoftAssert.Bikes(SoftAssert.java:21)
at com.TestNG_Features.SoftAssert.Bikes(SoftAssert.java:21)
at com.TestNG_Features.SoftAssert.Bikes(SoftAssert.java:21)
at com.TestNG_Features.SoftAssert.Bikes(SoftAssert.java:21)
at com.TestNG_Features.SoftAssert.Bikes(SoftAssert.java:21)
at com.TestNG_Features.SoftAssert.Bikes(SoftAssert.java:21)
at com.TestNG_Features.SoftAssert.Bikes(SoftAssert.java:21)
at com.TestNG_Features.SoftAssert.Bikes(SoftAssert.java:21)
at com.TestNG_Features.SoftAssert.Bikes(SoftAssert.java:21)
at com.TestNG_Features.SoftAssert.Bikes(SoftAssert.java:21)
at com.TestNG_Features.SoftAssert.Bikes(SoftAssert.java:21)
at com.TestNG_Features.SoftAssert.Bikes(SoftAssert.java:21)
at com.TestNG_Features.SoftAssert.Bikes(SoftAssert.java:21)
at com.TestNG_Features.SoftAssert.Bikes(SoftAssert.java:21)
at com.TestNG_Features.SoftAssert.Bikes(SoftAssert.java:21)
at com.TestNG_Features.SoftAssert.Bikes(SoftAssert.java:21)
at com.TestNG_Features.SoftAssert.Bikes(SoftAssert.java:21)
at com.TestNG_Features.SoftAssert.Bikes(SoftAssert.java:21)
at com.TestNG_Features.SoftAssert.Bikes(SoftAssert.java:21)
at com.TestNG_Features.SoftAssert.Bikes(SoftAssert.java:21)
at com.TestNG_Features.SoftAssert.Bikes(SoftAssert.java:21)
at com.TestNG_Features.SoftAssert.Bikes(SoftAssert.java:21)
at com.TestNG_Features.SoftAssert.Bikes(SoftAssert.java:21)
at com.TestNG_Features.SoftAssert.Bikes(SoftAssert.java:21)
at com.TestNG_Features.SoftAssert.Bikes(SoftAssert.java:21)
at com.TestNG_Features.SoftAssert.Bikes(SoftAssert.java:21)
at com.TestNG_Features.SoftAssert.Bikes(SoftAssert.java:21)
at com.TestNG_Features.SoftAssert.Bikes(SoftAssert.java:21)
at com.TestNG_Features.SoftAssert.Bikes(SoftAssert.java:21)
at com.TestNG_Features.SoftAssert.Bikes(SoftAssert.java:21)
at com.TestNG_Features.SoftAssert.Bikes(SoftAssert.java:21)
at com.TestNG_Features.SoftAssert.Bikes(SoftAssert.java:21)
at com.TestNG_Features.SoftAssert.Bikes(SoftAssert.java:21)
at com.TestNG_Features.SoftAssert.Bikes(SoftAssert.java:21)
at com.TestNG_Features.SoftAssert.Bikes(SoftAssert.java:21)
at com.TestNG_Features.SoftAssert.Bikes(SoftAssert.java:21)
at com.TestNG_Features.SoftAssert.Bikes(SoftAssert.java:21)
at com.TestNG_Features.SoftAssert.Bikes(SoftAssert.java:21)
at com.TestNG_Features.SoftAssert.Bikes(SoftAssert.java:21)
at com.TestNG_Features.SoftAssert.Bikes(SoftAssert.java:21)
at com.TestNG_Features.SoftAssert.Bikes(SoftAssert.java:21)
at com.TestNG_Features.SoftAssert.Bikes(SoftAssert.java:21)
at com.TestNG_Features.SoftAssert.Bikes(SoftAssert.java:21)
at com.TestNG_Features.SoftAssert.Bikes(SoftAssert.java:21)
at com.TestNG_Features.SoftAssert.Bikes(SoftAssert.java:21)
at com.TestNG_Features.SoftAssert.Bikes(SoftAssert.java:21)
at com.TestNG_Features.SoftAssert.Bikes(SoftAssert.java:21)
at com.TestNG_Features.SoftAssert.Bikes(SoftAssert.java:21)
at com.TestNG_Features.SoftAssert.Bikes(SoftAssert.java:21)
at com.TestNG_Features.SoftAssert.Bikes(SoftAssert.java:21)
at com.TestNG_Features.SoftAssert.Bikes(SoftAssert.java:21)
at com.TestNG_Features.SoftAssert.Bikes(SoftAssert.java:21)
at com.TestNG_Features.SoftAssert.Bikes(SoftAssert.java:21)
at com.TestNG_Features.SoftAssert.Bikes(SoftAssert.java:21)
at com.TestNG_Features.SoftAssert.Bikes(SoftAssert.java:21)
at com.TestNG_Features.SoftAssert.Bikes(SoftAssert.java:21)
at com.TestNG_Features.SoftAssert.Bikes(SoftAssert.java:21)
at com.TestNG_Features.SoftAssert.Bikes(SoftAssert.java:21)
at com.TestNG_Features.SoftAssert.Bikes(SoftAssert.java:21)
at com.TestNG_Features.SoftAssert.Bikes(SoftAssert.java:21)
at com.TestNG_Features.SoftAssert.Bikes(SoftAssert.java:21)
at com.TestNG_Features.SoftAssert.Bikes(SoftAssert.java:21)
at com.TestNG_Features.SoftAssert.Bikes(SoftAssert.java:21)
at com.TestNG_Features.SoftAssert.Bikes(SoftAssert.java:21)
at com.TestNG_Features.SoftAssert.Bikes(SoftAssert.java:21)
at com.TestNG_Features.SoftAssert.Bikes(SoftAssert.java:21)
at com.TestNG_Features.SoftAssert.Bikes(SoftAssert.java:21)
at com.TestNG_Features.SoftAssert.Bikes(SoftAssert.java:21)
at com.TestNG_Features.SoftAssert.Bikes(SoftAssert.java:21)
at com.TestNG_Features.SoftAssert.Bikes(SoftAssert.java:21)
at com.TestNG_Features.SoftAssert.Bikes(SoftAssert.java:21)
at com.TestNG_Features.SoftAssert.Bikes(SoftAssert.java:21)
at com.TestNG_Features.SoftAssert.Bikes(SoftAssert.java:21)
at com.TestNG_Features.SoftAssert.Bikes(SoftAssert.java:21)
at com.TestNG_Features.SoftAssert.Bikes(SoftAssert.java:21)
at com.TestNG_Features.SoftAssert.Bikes(SoftAssert.java:21)
at com.TestNG_Features.SoftAssert.Bikes(SoftAssert.java:21)
at com.TestNG_Features.SoftAssert.Bikes(SoftAssert.java:21)
at com.TestNG_Features.SoftAssert.Bikes(SoftAssert.java:21)
at com.TestNG_Features.SoftAssert.Bikes(SoftAssert.java:21)
at com.TestNG_Features.SoftAssert.Bikes(SoftAssert.java:21)
at com.TestNG_Features.SoftAssert.Bikes(SoftAssert.java:21)
at com.TestNG_Features.SoftAssert.Bikes(SoftAssert.java:21)
at com.TestNG_Features.SoftAssert.Bikes(SoftAssert.java:21)
at com.TestNG_Features.SoftAssert.Bikes(SoftAssert.java:21)
at com.TestNG_Features.SoftAssert.Bikes(SoftAssert.java:21)
at com.TestNG_Features.SoftAssert.Bikes(SoftAssert.java:21)
at com.TestNG_Features.SoftAssert.Bikes(SoftAssert.java:21)
at com.TestNG_Features.SoftAssert.Bikes(SoftAssert.java:21)
at com.TestNG_Features.SoftAssert.Bikes(SoftAssert.java:21)
at com.TestNG_Features.SoftAssert.Bikes(SoftAssert.java:21)
at com.TestNG_Features.SoftAssert.Bikes(SoftAssert.java:21)
at com.TestNG_Features.SoftAssert.Bikes(SoftAssert.java:21)
at com.TestNG_Features.SoftAssert.Bikes(SoftAssert.java:21)
at com.TestNG_Features.SoftAssert.Bikes(SoftAssert.java:21)
at com.TestNG_Features.SoftAssert.Bikes(SoftAssert.java:21)
at com.TestNG_Features.SoftAssert.Bikes(SoftAssert.java:21)
at com.TestNG_Features.SoftAssert.Bikes(SoftAssert.java:21)
at com.TestNG_Features.SoftAssert.Bikes(SoftAssert.java:21)
at com.TestNG_Features.SoftAssert.Bikes(SoftAssert.java:21)
at com.TestNG_Features.SoftAssert.Bikes(SoftAssert.java:21)
at com.TestNG_Features.SoftAssert.Bikes(SoftAssert.java:21)
at com.TestNG_Features.SoftAssert.Bikes(SoftAssert.java:21)
at com.TestNG_Features.SoftAssert.Bikes(SoftAssert.java:21)
at com.TestNG_Features.SoftAssert.Bikes(SoftAssert.java:21)
at com.TestNG_Features.SoftAssert.Bikes(SoftAssert.java:21)
at com.TestNG_Features.SoftAssert.Bikes(SoftAssert.java:21)
at com.TestNG_Features.SoftAssert.Bikes(SoftAssert.java:21)
at com.TestNG_Features.SoftAssert.Bikes(SoftAssert.java:21)
at com.TestNG_Features.SoftAssert.Bikes(SoftAssert.java:21)
at com.TestNG_Features.SoftAssert.Bikes(SoftAssert.java:21)
at com.TestNG_Features.SoftAssert.Bikes(SoftAssert.java:21)
at com.TestNG_Features.SoftAssert.Bikes(SoftAssert.java:21)
at com.TestNG_Features.SoftAssert.Bikes(SoftAssert.java:21)
at com.TestNG_Features.SoftAssert.Bikes(SoftAssert.java:21)
at com.TestNG_Features.SoftAssert.Bikes(SoftAssert.java:21)
at com.TestNG_Features.SoftAssert.Bikes(SoftAssert.java:21)
at com.TestNG_Features.SoftAssert.Bikes(SoftAssert.java:21)
at com.TestNG_Features.SoftAssert.Bikes(SoftAssert.java:21)
at com.TestNG_Features.SoftAssert.Bikes(SoftAssert.java:21)
at com.TestNG_Features.SoftAssert.Bikes(SoftAssert.java:21)
at com.TestNG_Features.SoftAssert.Bikes(SoftAssert.java:21)
at com.TestNG_Features.SoftAssert.Bikes(SoftAssert.java:21)
at com.TestNG_Features.SoftAssert.Bikes(SoftAssert.java:21)
at com.TestNG_Features.SoftAssert.Bikes(SoftAssert.java:21)
at com.TestNG_Features.SoftAssert.Bikes(SoftAssert.java:21)
at com.TestNG_Features.SoftAssert.Bikes(SoftAssert.java:21)
at com.TestNG_Features.SoftAssert.Bikes(SoftAssert.java:21)
at com.TestNG_Features.SoftAssert.Bikes(SoftAssert.java:21)
at com.TestNG_Features.SoftAssert.Bikes(SoftAssert.java:21)
at com.TestNG_Features.SoftAssert.Bikes(SoftAssert.java:21)
at com.TestNG_Features.SoftAssert.Bikes(SoftAssert.java:21)
at com.TestNG_Features.SoftAssert.Bikes(SoftAssert.java:21)
at com.TestNG_Features.SoftAssert.Bikes(SoftAssert.java:21)
at com.TestNG_Features.SoftAssert.Bikes(SoftAssert.java:21)
at com.TestNG_Features.SoftAssert.Bikes(SoftAssert.java:21)
at com.TestNG_Features.SoftAssert.Bikes(SoftAssert.java:21)
at com.TestNG_Features.SoftAssert.Bikes(SoftAssert.java:21)
at com.TestNG_Features.SoftAssert.Bikes(SoftAssert.java:21)
at com.TestNG_Features.SoftAssert.Bikes(SoftAssert.java:21)
at com.TestNG_Features.SoftAssert.Bikes(SoftAssert.java:21)
at com.TestNG_Features.SoftAssert.Bikes(SoftAssert.java:21)
at com.TestNG_Features.SoftAssert.Bikes(SoftAssert.java:21)
at com.TestNG_Features.SoftAssert.Bikes(SoftAssert.java:21)
at com.TestNG_Features.SoftAssert.Bikes(SoftAssert.java:21)
at com.TestNG_Features.SoftAssert.Bikes(SoftAssert.java:21)
at com.TestNG_Features.SoftAssert.Bikes(SoftAssert.java:21)
at com.TestNG_Features.SoftAssert.Bikes(SoftAssert.java:21)
at com.TestNG_Features.SoftAssert.Bikes(SoftAssert.java:21)
at com.TestNG_Features.SoftAssert.Bikes(SoftAssert.java:21)
at com.TestNG_Features.SoftAssert.Bikes(SoftAssert.java:21)
at com.TestNG_Features.SoftAssert.Bikes(SoftAssert.java:21)
at com.TestNG_Features.SoftAssert.Bikes(SoftAssert.java:21)
at com.TestNG_Features.SoftAssert.Bikes(SoftAssert.java:21)
at com.TestNG_Features.SoftAssert.Bikes(SoftAssert.java:21)
at com.TestNG_Features.SoftAssert.Bikes(SoftAssert.java:21)
at com.TestNG_Features.SoftAssert.Bikes(SoftAssert.java:21)
at com.TestNG_Features.SoftAssert.Bikes(SoftAssert.java:21)
at com.TestNG_Features.SoftAssert.Bikes(SoftAssert.java:21)
at com.TestNG_Features.SoftAssert.Bikes(SoftAssert.java:21)
at com.TestNG_Features.SoftAssert.Bikes(SoftAssert.java:21)
at com.TestNG_Features.SoftAssert.Bikes(SoftAssert.java:21)
at com.TestNG_Features.SoftAssert.Bikes(SoftAssert.java:21)
at com.TestNG_Features.SoftAssert.Bikes(SoftAssert.java:21)
at com.TestNG_Features.SoftAssert.Bikes(SoftAssert.java:21)
at com.TestNG_Features.SoftAssert.Bikes(SoftAssert.java:21)
at com.TestNG_Features.SoftAssert.Bikes(SoftAssert.java:21)
at com.TestNG_Features.SoftAssert.Bikes(SoftAssert.java:21)
at com.TestNG_Features.SoftAssert.Bikes(SoftAssert.java:21)
at com.TestNG_Features.SoftAssert.Bikes(SoftAssert.java:21)
at com.TestNG_Features.SoftAssert.Bikes(SoftAssert.java:21)
at com.TestNG_Features.SoftAssert.Bikes(SoftAssert.java:21)
at com.TestNG_Features.SoftAssert.Bikes(SoftAssert.java:21)
at com.TestNG_Features.SoftAssert.Bikes(SoftAssert.java:21)
at com.TestNG_Features.SoftAssert.Bikes(SoftAssert.java:21)
at com.TestNG_Features.SoftAssert.Bikes(SoftAssert.java:21)
at com.TestNG_Features.SoftAssert.Bikes(SoftAssert.java:21)
at com.TestNG_Features.SoftAssert.Bikes(SoftAssert.java:21)
at com.TestNG_Features.SoftAssert.Bikes(SoftAssert.java:21)
at com.TestNG_Features.SoftAssert.Bikes(SoftAssert.java:21)
at com.TestNG_Features.SoftAssert.Bikes(SoftAssert.java:21)
at com.TestNG_Features.SoftAssert.Bikes(SoftAssert.java:21)
at com.TestNG_Features.SoftAssert.Bikes(SoftAssert.java:21)
at com.TestNG_Features.SoftAssert.Bikes(SoftAssert.java:21)
at com.TestNG_Features.SoftAssert.Bikes(SoftAssert.java:21)
at com.TestNG_Features.SoftAssert.Bikes(SoftAssert.java:21)
at com.TestNG_Features.SoftAssert.Bikes(SoftAssert.java:21)
at com.TestNG_Features.SoftAssert.Bikes(SoftAssert.java:21)
at com.TestNG_Features.SoftAssert.Bikes(SoftAssert.java:21)
at com.TestNG_Features.SoftAssert.Bikes(SoftAssert.java:21)
at com.TestNG_Features.SoftAssert.Bikes(SoftAssert.java:21)
at com.TestNG_Features.SoftAssert.Bikes(SoftAssert.java:21)
at com.TestNG_Features.SoftAssert.Bikes(SoftAssert.java:21)
at com.TestNG_Features.SoftAssert.Bikes(SoftAssert.java:21)
at com.TestNG_Features.SoftAssert.Bikes(SoftAssert.java:21)
at com.TestNG_Features.SoftAssert.Bikes(SoftAssert.java:21)
at com.TestNG_Features.SoftAssert.Bikes(SoftAssert.java:21)
at com.TestNG_Features.SoftAssert.Bikes(SoftAssert.java:21)
at com.TestNG_Features.SoftAssert.Bikes(SoftAssert.java:21)
at com.TestNG_Features.SoftAssert.Bikes(SoftAssert.java:21)
at com.TestNG_Features.SoftAssert.Bikes(SoftAssert.java:21)
at com.TestNG_Features.SoftAssert.Bikes(SoftAssert.java:21)
at com.TestNG_Features.SoftAssert.Bikes(SoftAssert.java:21)
at com.TestNG_Features.SoftAssert.Bikes(SoftAssert.java:21)
at com.TestNG_Features.SoftAssert.Bikes(SoftAssert.java:21)
at com.TestNG_Features.SoftAssert.Bikes(SoftAssert.java:21)
at com.TestNG_Features.SoftAssert.Bikes(SoftAssert.java:21)
at com.TestNG_Features.SoftAssert.Bikes(SoftAssert.java:21)
at com.TestNG_Features.SoftAssert.Bikes(SoftAssert.java:21)
at com.TestNG_Features.SoftAssert.Bikes(SoftAssert.java:21)
at com.TestNG_Features.SoftAssert.Bikes(SoftAssert.java:21)
at com.TestNG_Features.SoftAssert.Bikes(SoftAssert.java:21)
at com.TestNG_Features.SoftAssert.Bikes(SoftAssert.java:21)
at com.TestNG_Features.SoftAssert.Bikes(SoftAssert.java:21)
at com.TestNG_Features.SoftAssert.Bikes(SoftAssert.java:21)
at com.TestNG_Features.SoftAssert.Bikes(SoftAssert.java:21)
at com.TestNG_Features.SoftAssert.Bikes(SoftAssert.java:21)
at com.TestNG_Features.SoftAssert.Bikes(SoftAssert.java:21)
at com.TestNG_Features.SoftAssert.Bikes(SoftAssert.java:21)
at com.TestNG_Features.SoftAssert.Bikes(SoftAssert.java:21)
at com.TestNG_Features.SoftAssert.Bikes(SoftAssert.java:21)
at com.TestNG_Features.SoftAssert.Bikes(SoftAssert.java:21)
at com.TestNG_Features.SoftAssert.Bikes(SoftAssert.java:21)
at com.TestNG_Features.SoftAssert.Bikes(SoftAssert.java:21)
at com.TestNG_Features.SoftAssert.Bikes(SoftAssert.java:21)
at com.TestNG_Features.SoftAssert.Bikes(SoftAssert.java:21)
at com.TestNG_Features.SoftAssert.Bikes(SoftAssert.java:21)
at com.TestNG_Features.SoftAssert.Bikes(SoftAssert.java:21)
at com.TestNG_Features.SoftAssert.Bikes(SoftAssert.java:21)
at com.TestNG_Features.SoftAssert.Bikes(SoftAssert.java:21)
at com.TestNG_Features.SoftAssert.Bikes(SoftAssert.java:21)
at com.TestNG_Features.SoftAssert.Bikes(SoftAssert.java:21)
at com.TestNG_Features.SoftAssert.Bikes(SoftAssert.java:21)
at com.TestNG_Features.SoftAssert.Bikes(SoftAssert.java:21)
at com.TestNG_Features.SoftAssert.Bikes(SoftAssert.java:21)
at com.TestNG_Features.SoftAssert.Bikes(SoftAssert.java:21)
at com.TestNG_Features.SoftAssert.Bikes(SoftAssert.java:21)
at com.TestNG_Features.SoftAssert.Bikes(SoftAssert.java:21)
at com.TestNG_Features.SoftAssert.Bikes(SoftAssert.java:21)
at com.TestNG_Features.SoftAssert.Bikes(SoftAssert.java:21)
at com.TestNG_Features.SoftAssert.Bikes(SoftAssert.java:21)
at com.TestNG_Features.SoftAssert.Bikes(SoftAssert.java:21)
at com.TestNG_Features.SoftAssert.Bikes(SoftAssert.java:21)
at com.TestNG_Features.SoftAssert.Bikes(SoftAssert.java:21)
at com.TestNG_Features.SoftAssert.Bikes(SoftAssert.java:21)
at com.TestNG_Features.SoftAssert.Bikes(SoftAssert.java:21)
at com.TestNG_Features.SoftAssert.Bikes(SoftAssert.java:21)
at com.TestNG_Features.SoftAssert.Bikes(SoftAssert.java:21)
at com.TestNG_Features.SoftAssert.Bikes(SoftAssert.java:21)
at com.TestNG_Features.SoftAssert.Bikes(SoftAssert.java:21)
at com.TestNG_Features.SoftAssert.Bikes(SoftAssert.java:21)
at com.TestNG_Features.SoftAssert.Bikes(SoftAssert.java:21)
at com.TestNG_Features.SoftAssert.Bikes(SoftAssert.java:21)
at com.TestNG_Features.SoftAssert.Bikes(SoftAssert.java:21)
at com.TestNG_Features.SoftAssert.Bikes(SoftAssert.java:21)
at com.TestNG_Features.SoftAssert.Bikes(SoftAssert.java:21)
at com.TestNG_Features.SoftAssert.Bikes(SoftAssert.java:21)
at com.TestNG_Features.SoftAssert.Bikes(SoftAssert.java:21)
at com.TestNG_Features.SoftAssert.Bikes(SoftAssert.java:21)
at com.TestNG_Features.SoftAssert.Bikes(SoftAssert.java:21)
at com.TestNG_Features.SoftAssert.Bikes(SoftAssert.java:21)
at com.TestNG_Features.SoftAssert.Bikes(SoftAssert.java:21)
at com.TestNG_Features.SoftAssert.Bikes(SoftAssert.java:21)
at com.TestNG_Features.SoftAssert.Bikes(SoftAssert.java:21)
at com.TestNG_Features.SoftAssert.Bikes(SoftAssert.java:21)
at com.TestNG_Features.SoftAssert.Bikes(SoftAssert.java:21)
at com.TestNG_Features.SoftAssert.Bikes(SoftAssert.java:21)
at com.TestNG_Features.SoftAssert.Bikes(SoftAssert.java:21)
at com.TestNG_Features.SoftAssert.Bikes(SoftAssert.java:21)
at com.TestNG_Features.SoftAssert.Bikes(SoftAssert.java:21)
at com.TestNG_Features.SoftAssert.Bikes(SoftAssert.java:21)
at com.TestNG_Features.SoftAssert.Bikes(SoftAssert.java:21)
at com.TestNG_Features.SoftAssert.Bikes(SoftAssert.java:21)
at com.TestNG_Features.SoftAssert.Bikes(SoftAssert.java:21)
at com.TestNG_Features.SoftAssert.Bikes(SoftAssert.java:21)
at com.TestNG_Features.SoftAssert.Bikes(SoftAssert.java:21)
at com.TestNG_Features.SoftAssert.Bikes(SoftAssert.java:21)
at com.TestNG_Features.SoftAssert.Bikes(SoftAssert.java:21)
at com.TestNG_Features.SoftAssert.Bikes(SoftAssert.java:21)
at com.TestNG_Features.SoftAssert.Bikes(SoftAssert.java:21)
at com.TestNG_Features.SoftAssert.Bikes(SoftAssert.java:21)
at com.TestNG_Features.SoftAssert.Bikes(SoftAssert.java:21)
at com.TestNG_Features.SoftAssert.Bikes(SoftAssert.java:21)
at com.TestNG_Features.SoftAssert.Bikes(SoftAssert.java:21)
at com.TestNG_Features.SoftAssert.Bikes(SoftAssert.java:21)
at com.TestNG_Features.SoftAssert.Bikes(SoftAssert.java:21)
at com.TestNG_Features.SoftAssert.Bikes(SoftAssert.java:21)
at com.TestNG_Features.SoftAssert.Bikes(SoftAssert.java:21)
at com.TestNG_Features.SoftAssert.Bikes(SoftAssert.java:21)
at com.TestNG_Features.SoftAssert.Bikes(SoftAssert.java:21)
at com.TestNG_Features.SoftAssert.Bikes(SoftAssert.java:21)
at com.TestNG_Features.SoftAssert.Bikes(SoftAssert.java:21)
at com.TestNG_Features.SoftAssert.Bikes(SoftAssert.java:21)
at com.TestNG_Features.SoftAssert.Bikes(SoftAssert.java:21)
at com.TestNG_Features.SoftAssert.Bikes(SoftAssert.java:21)
at com.TestNG_Features.SoftAssert.Bikes(SoftAssert.java:21)
at com.TestNG_Features.SoftAssert.Bikes(SoftAssert.java:21)
at com.TestNG_Features.SoftAssert.Bikes(SoftAssert.java:21)
at com.TestNG_Features.SoftAssert.Bikes(SoftAssert.java:21)
at com.TestNG_Features.SoftAssert.Bikes(SoftAssert.java:21)
at com.TestNG_Features.SoftAssert.Bikes(SoftAssert.java:21)
at com.TestNG_Features.SoftAssert.Bikes(SoftAssert.java:21)
at com.TestNG_Features.SoftAssert.Bikes(SoftAssert.java:21)
at com.TestNG_Features.SoftAssert.Bikes(SoftAssert.java:21)
at com.TestNG_Features.SoftAssert.Bikes(SoftAssert.java:21)
at com.TestNG_Features.SoftAssert.Bikes(SoftAssert.java:21)
at com.TestNG_Features.SoftAssert.Bikes(SoftAssert.java:21)
at com.TestNG_Features.SoftAssert.Bikes(SoftAssert.java:21)
at com.TestNG_Features.SoftAssert.Bikes(SoftAssert.java:21)
at com.TestNG_Features.SoftAssert.Bikes(SoftAssert.java:21)
at com.TestNG_Features.SoftAssert.Bikes(SoftAssert.java:21)
at com.TestNG_Features.SoftAssert.Bikes(SoftAssert.java:21)
at com.TestNG_Features.SoftAssert.Bikes(SoftAssert.java:21)
at com.TestNG_Features.SoftAssert.Bikes(SoftAssert.java:21)
at com.TestNG_Features.SoftAssert.Bikes(SoftAssert.java:21)
at com.TestNG_Features.SoftAssert.Bikes(SoftAssert.java:21)
at com.TestNG_Features.SoftAssert.Bikes(SoftAssert.java:21)
at com.TestNG_Features.SoftAssert.Bikes(SoftAssert.java:21)
at com.TestNG_Features.SoftAssert.Bikes(SoftAssert.java:21)
at com.TestNG_Features.SoftAssert.Bikes(SoftAssert.java:21)
at com.TestNG_Features.SoftAssert.Bikes(SoftAssert.java:21)
at com.TestNG_Features.SoftAssert.Bikes(SoftAssert.java:21)
at com.TestNG_Features.SoftAssert.Bikes(SoftAssert.java:21)
at com.TestNG_Features.SoftAssert.Bikes(SoftAssert.java:21)
at com.TestNG_Features.SoftAssert.Bikes(SoftAssert.java:21)
at com.TestNG_Features.SoftAssert.Bikes(SoftAssert.java:21)
at com.TestNG_Features.SoftAssert.Bikes(SoftAssert.java:21)
at com.TestNG_Features.SoftAssert.Bikes(SoftAssert.java:21)
at com.TestNG_Features.SoftAssert.Bikes(SoftAssert.java:21)
at com.TestNG_Features.SoftAssert.Bikes(SoftAssert.java:21)
at com.TestNG_Features.SoftAssert.Bikes(SoftAssert.java:21)
at com.TestNG_Features.SoftAssert.Bikes(SoftAssert.java:21)
at com.TestNG_Features.SoftAssert.Bikes(SoftAssert.java:21)
at com.TestNG_Features.SoftAssert.Bikes(SoftAssert.java:21)
at com.TestNG_Features.SoftAssert.Bikes(SoftAssert.java:21)
at com.TestNG_Features.SoftAssert.Bikes(SoftAssert.java:21)
at com.TestNG_Features.SoftAssert.Bikes(SoftAssert.java:21)
at com.TestNG_Features.SoftAssert.Bikes(SoftAssert.java:21)
at com.TestNG_Features.SoftAssert.Bikes(SoftAssert.java:21)
at com.TestNG_Features.SoftAssert.Bikes(SoftAssert.java:21)
at com.TestNG_Features.SoftAssert.Bikes(SoftAssert.java:21)
at com.TestNG_Features.SoftAssert.Bikes(SoftAssert.java:21)
at com.TestNG_Features.SoftAssert.Bikes(SoftAssert.java:21)
at com.TestNG_Features.SoftAssert.Bikes(SoftAssert.java:21)
at com.TestNG_Features.SoftAssert.Bikes(SoftAssert.java:21)
at com.TestNG_Features.SoftAssert.Bikes(SoftAssert.java:21)
at com.TestNG_Features.SoftAssert.Bikes(SoftAssert.java:21)
at com.TestNG_Features.SoftAssert.Bikes(SoftAssert.java:21)
at com.TestNG_Features.SoftAssert.Bikes(SoftAssert.java:21)
at com.TestNG_Features.SoftAssert.Bikes(SoftAssert.java:21)
at com.TestNG_Features.SoftAssert.Bikes(SoftAssert.java:21)
at com.TestNG_Features.SoftAssert.Bikes(SoftAssert.java:21)
at com.TestNG_Features.SoftAssert.Bikes(SoftAssert.java:21)
at com.TestNG_Features.SoftAssert.Bikes(SoftAssert.java:21)
at com.TestNG_Features.SoftAssert.Bikes(SoftAssert.java:21)
at com.TestNG_Features.SoftAssert.Bikes(SoftAssert.java:21)
at com.TestNG_Features.SoftAssert.Bikes(SoftAssert.java:21)
at com.TestNG_Features.SoftAssert.Bikes(SoftAssert.java:21)
at com.TestNG_Features.SoftAssert.Bikes(SoftAssert.java:21)
at com.TestNG_Features.SoftAssert.Bikes(SoftAssert.java:21)
at com.TestNG_Features.SoftAssert.Bikes(SoftAssert.java:21)
at com.TestNG_Features.SoftAssert.Bikes(SoftAssert.java:21)
at com.TestNG_Features.SoftAssert.Bikes(SoftAssert.java:21)
at com.TestNG_Features.SoftAssert.Bikes(SoftAssert.java:21)
at com.TestNG_Features.SoftAssert.Bikes(SoftAssert.java:21)
at com.TestNG_Features.SoftAssert.Bikes(SoftAssert.java:21)
at com.TestNG_Features.SoftAssert.Bikes(SoftAssert.java:21)
at com.TestNG_Features.SoftAssert.Bikes(SoftAssert.java:21)
at com.TestNG_Features.SoftAssert.Bikes(SoftAssert.java:21)
at com.TestNG_Features.SoftAssert.Bikes(SoftAssert.java:21)
at com.TestNG_Features.SoftAssert.Bikes(SoftAssert.java:21)
at com.TestNG_Features.SoftAssert.Bikes(SoftAssert.java:21)
at com.TestNG_Features.SoftAssert.Bikes(SoftAssert.java:21)
at com.TestNG_Features.SoftAssert.Bikes(SoftAssert.java:21)
at com.TestNG_Features.SoftAssert.Bikes(SoftAssert.java:21)
at com.TestNG_Features.SoftAssert.Bikes(SoftAssert.java:21)
at com.TestNG_Features.SoftAssert.Bikes(SoftAssert.java:21)
at com.TestNG_Features.SoftAssert.Bikes(SoftAssert.java:21)
at com.TestNG_Features.SoftAssert.Bikes(SoftAssert.java:21)
at com.TestNG_Features.SoftAssert.Bikes(SoftAssert.java:21)
at com.TestNG_Features.SoftAssert.Bikes(SoftAssert.java:21)
at com.TestNG_Features.SoftAssert.Bikes(SoftAssert.java:21)
at com.TestNG_Features.SoftAssert.Bikes(SoftAssert.java:21)
at com.TestNG_Features.SoftAssert.Bikes(SoftAssert.java:21)
at com.TestNG_Features.SoftAssert.Bikes(SoftAssert.java:21)
at com.TestNG_Features.SoftAssert.Bikes(SoftAssert.java:21)
at com.TestNG_Features.SoftAssert.Bikes(SoftAssert.java:21)
at com.TestNG_Features.SoftAssert.Bikes(SoftAssert.java:21)
at com.TestNG_Features.SoftAssert.Bikes(SoftAssert.java:21)
at com.TestNG_Features.SoftAssert.Bikes(SoftAssert.java:21)
at com.TestNG_Features.SoftAssert.Bikes(SoftAssert.java:21)
at com.TestNG_Features.SoftAssert.Bikes(SoftAssert.java:21)
at com.TestNG_Features.SoftAssert.Bikes(SoftAssert.java:21)
at com.TestNG_Features.SoftAssert.Bikes(SoftAssert.java:21)
at com.TestNG_Features.SoftAssert.Bikes(SoftAssert.java:21)
at com.TestNG_Features.SoftAssert.Bikes(SoftAssert.java:21)
at com.TestNG_Features.SoftAssert.Bikes(SoftAssert.java:21)
at com.TestNG_Features.SoftAssert.Bikes(SoftAssert.java:21)
at com.TestNG_Features.SoftAssert.Bikes(SoftAssert.java:21)
at com.TestNG_Features.SoftAssert.Bikes(SoftAssert.java:21)
at com.TestNG_Features.SoftAssert.Bikes(SoftAssert.java:21)
at com.TestNG_Features.SoftAssert.Bikes(SoftAssert.java:21)
at com.TestNG_Features.SoftAssert.Bikes(SoftAssert.java:21)
at com.TestNG_Features.SoftAssert.Bikes(SoftAssert.java:21)
at com.TestNG_Features.SoftAssert.Bikes(SoftAssert.java:21)
at com.TestNG_Features.SoftAssert.Bikes(SoftAssert.java:21)
at com.TestNG_Features.SoftAssert.Bikes(SoftAssert.java:21)
at com.TestNG_Features.SoftAssert.Bikes(SoftAssert.java:21)
at com.TestNG_Features.SoftAssert.Bikes(SoftAssert.java:21)
at com.TestNG_Features.SoftAssert.Bikes(SoftAssert.java:21)
at com.TestNG_Features.SoftAssert.Bikes(SoftAssert.java:21)
at com.TestNG_Features.SoftAssert.Bikes(SoftAssert.java:21)
at com.TestNG_Features.SoftAssert.Bikes(SoftAssert.java:21)
at com.TestNG_Features.SoftAssert.Bikes(SoftAssert.java:21)
at com.TestNG_Features.SoftAssert.Bikes(SoftAssert.java:21)
at com.TestNG_Features.SoftAssert.Bikes(SoftAssert.java:21)
at com.TestNG_Features.SoftAssert.Bikes(SoftAssert.java:21)
at com.TestNG_Features.SoftAssert.Bikes(SoftAssert.java:21)
at com.TestNG_Features.SoftAssert.Bikes(SoftAssert.java:21)
at com.TestNG_Features.SoftAssert.Bikes(SoftAssert.java:21)
at com.TestNG_Features.SoftAssert.Bikes(SoftAssert.java:21)
at com.TestNG_Features.SoftAssert.Bikes(SoftAssert.java:21)
at com.TestNG_Features.SoftAssert.Bikes(SoftAssert.java:21)
at com.TestNG_Features.SoftAssert.Bikes(SoftAssert.java:21)
at com.TestNG_Features.SoftAssert.Bikes(SoftAssert.java:21)
at com.TestNG_Features.SoftAssert.Bikes(SoftAssert.java:21)
at com.TestNG_Features.SoftAssert.Bikes(SoftAssert.java:21)
at com.TestNG_Features.SoftAssert.Bikes(SoftAssert.java:21)
at com.TestNG_Features.SoftAssert.Bikes(SoftAssert.java:21)
at com.TestNG_Features.SoftAssert.Bikes(SoftAssert.java:21)
at com.TestNG_Features.SoftAssert.Bikes(SoftAssert.java:21)
at com.TestNG_Features.SoftAssert.Bikes(SoftAssert.java:21)
at com.TestNG_Features.SoftAssert.Bikes(SoftAssert.java:21)
at com.TestNG_Features.SoftAssert.Bikes(SoftAssert.java:21)
at com.TestNG_Features.SoftAssert.Bikes(SoftAssert.java:21)
at com.TestNG_Features.SoftAssert.Bikes(SoftAssert.java:21)
at com.TestNG_Features.SoftAssert.Bikes(SoftAssert.java:21)
at com.TestNG_Features.SoftAssert.Bikes(SoftAssert.java:21)
at com.TestNG_Features.SoftAssert.Bikes(SoftAssert.java:21)
at com.TestNG_Features.SoftAssert.Bikes(SoftAssert.java:21)
at com.TestNG_Features.SoftAssert.Bikes(SoftAssert.java:21)
at com.TestNG_Features.SoftAssert.Bikes(SoftAssert.java:21)
at com.TestNG_Features.SoftAssert.Bikes(SoftAssert.java:21)
at com.TestNG_Features.SoftAssert.Bikes(SoftAssert.java:21)
at com.TestNG_Features.SoftAssert.Bikes(SoftAssert.java:21)
at com.TestNG_Features.SoftAssert.Bikes(SoftAssert.java:21)
at com.TestNG_Features.SoftAssert.Bikes(SoftAssert.java:21)
at com.TestNG_Features.SoftAssert.Bikes(SoftAssert.java:21)
at com.TestNG_Features.SoftAssert.Bikes(SoftAssert.java:21)
at com.TestNG_Features.SoftAssert.Bikes(SoftAssert.java:21)
at com.TestNG_Features.SoftAssert.Bikes(SoftAssert.java:21)
at com.TestNG_Features.SoftAssert.Bikes(SoftAssert.java:21)
at com.TestNG_Features.SoftAssert.Bikes(SoftAssert.java:21)
at com.TestNG_Features.SoftAssert.Bikes(SoftAssert.java:21)
at com.TestNG_Features.SoftAssert.Bikes(SoftAssert.java:21)
at com.TestNG_Features.SoftAssert.Bikes(SoftAssert.java:21)
at com.TestNG_Features.SoftAssert.Bikes(SoftAssert.java:21)
at com.TestNG_Features.SoftAssert.Bikes(SoftAssert.java:21)
at com.TestNG_Features.SoftAssert.Bikes(SoftAssert.java:21)
at com.TestNG_Features.SoftAssert.Bikes(SoftAssert.java:21)
at com.TestNG_Features.SoftAssert.Bikes(SoftAssert.java:21)
at com.TestNG_Features.SoftAssert.Bikes(SoftAssert.java:21)
at com.TestNG_Features.SoftAssert.Bikes(SoftAssert.java:21)
at com.TestNG_Features.SoftAssert.Bikes(SoftAssert.java:21)
at com.TestNG_Features.SoftAssert.Bikes(SoftAssert.java:21)
at com.TestNG_Features.SoftAssert.Bikes(SoftAssert.java:21)
at com.TestNG_Features.SoftAssert.Bikes(SoftAssert.java:21)
at com.TestNG_Features.SoftAssert.Bikes(SoftAssert.java:21)
at com.TestNG_Features.SoftAssert.Bikes(SoftAssert.java:21)
at com.TestNG_Features.SoftAssert.Bikes(SoftAssert.java:21)
at com.TestNG_Features.SoftAssert.Bikes(SoftAssert.java:21)
at com.TestNG_Features.SoftAssert.Bikes(SoftAssert.java:21)
at com.TestNG_Features.SoftAssert.Bikes(SoftAssert.java:21)
at com.TestNG_Features.SoftAssert.Bikes(SoftAssert.java:21)
at com.TestNG_Features.SoftAssert.Bikes(SoftAssert.java:21)
at com.TestNG_Features.SoftAssert.Bikes(SoftAssert.java:21)
at com.TestNG_Features.SoftAssert.Bikes(SoftAssert.java:21)
at com.TestNG_Features.SoftAssert.Bikes(SoftAssert.java:21)
at com.TestNG_Features.SoftAssert.Bikes(SoftAssert.java:21)
at com.TestNG_Features.SoftAssert.Bikes(SoftAssert.java:21)
at com.TestNG_Features.SoftAssert.Bikes(SoftAssert.java:21)
at com.TestNG_Features.SoftAssert.Bikes(SoftAssert.java:21)
at com.TestNG_Features.SoftAssert.Bikes(SoftAssert.java:21)
at com.TestNG_Features.SoftAssert.Bikes(SoftAssert.java:21)
at com.TestNG_Features.SoftAssert.Bikes(SoftAssert.java:21)
at com.TestNG_Features.SoftAssert.Bikes(SoftAssert.java:21)
at com.TestNG_Features.SoftAssert.Bikes(SoftAssert.java:21)
at com.TestNG_Features.SoftAssert.Bikes(SoftAssert.java:21)
at com.TestNG_Features.SoftAssert.Bikes(SoftAssert.java:21)
at com.TestNG_Features.SoftAssert.Bikes(SoftAssert.java:21)
at com.TestNG_Features.SoftAssert.Bikes(SoftAssert.java:21)
at com.TestNG_Features.SoftAssert.Bikes(SoftAssert.java:21)
at com.TestNG_Features.SoftAssert.Bikes(SoftAssert.java:21)
at com.TestNG_Features.SoftAssert.Bikes(SoftAssert.java:21)
at com.TestNG_Features.SoftAssert.Bikes(SoftAssert.java:21)
at com.TestNG_Features.SoftAssert.Bikes(SoftAssert.java:21)
at com.TestNG_Features.SoftAssert.Bikes(SoftAssert.java:21)
at com.TestNG_Features.SoftAssert.Bikes(SoftAssert.java:21)
at com.TestNG_Features.SoftAssert.Bikes(SoftAssert.java:21)
at com.TestNG_Features.SoftAssert.Bikes(SoftAssert.java:21)
at com.TestNG_Features.SoftAssert.Bikes(SoftAssert.java:21)
at com.TestNG_Features.SoftAssert.Bikes(SoftAssert.java:21)
at com.TestNG_Features.SoftAssert.Bikes(SoftAssert.java:21)
at com.TestNG_Features.SoftAssert.Bikes(SoftAssert.java:21)
at com.TestNG_Features.SoftAssert.Bikes(SoftAssert.java:21)
at com.TestNG_Features.SoftAssert.Bikes(SoftAssert.java:21)
at com.TestNG_Features.SoftAssert.Bikes(SoftAssert.java:21)
at com.TestNG_Features.SoftAssert.Bikes(SoftAssert.java:21)
at com.TestNG_Features.SoftAssert.Bikes(SoftAssert.java:21)
at com.TestNG_Features.SoftAssert.Bikes(SoftAssert.java:21)
at com.TestNG_Features.SoftAssert.Bikes(SoftAssert.java:21)
at com.TestNG_Features.SoftAssert.Bikes(SoftAssert.java:21)
at com.TestNG_Features.SoftAssert.Bikes(SoftAssert.java:21)
at com.TestNG_Features.SoftAssert.Bikes(SoftAssert.java:21)
at com.TestNG_Features.SoftAssert.Bikes(SoftAssert.java:21)
at com.TestNG_Features.SoftAssert.Bikes(SoftAssert.java:21)
at com.TestNG_Features.SoftAssert.Bikes(SoftAssert.java:21)
at com.TestNG_Features.SoftAssert.Bikes(SoftAssert.java:21)
at com.TestNG_Features.SoftAssert.Bikes(SoftAssert.java:21)
at com.TestNG_Features.SoftAssert.Bikes(SoftAssert.java:21)
at com.TestNG_Features.SoftAssert.Bikes(SoftAssert.java:21)
at com.TestNG_Features.SoftAssert.Bikes(SoftAssert.java:21)
at com.TestNG_Features.SoftAssert.Bikes(SoftAssert.java:21)
at com.TestNG_Features.SoftAssert.Bikes(SoftAssert.java:21)
at com.TestNG_Features.SoftAssert.Bikes(SoftAssert.java:21)
at com.TestNG_Features.SoftAssert.Bikes(SoftAssert.java:21)
at com.TestNG_Features.SoftAssert.Bikes(SoftAssert.java:21)
at com.TestNG_Features.SoftAssert.Bikes(SoftAssert.java:21)
at com.TestNG_Features.SoftAssert.Bikes(SoftAssert.java:21)
at com.TestNG_Features.SoftAssert.Bikes(SoftAssert.java:21)
at com.TestNG_Features.SoftAssert.Bikes(SoftAssert.java:21)
at com.TestNG_Features.SoftAssert.Bikes(SoftAssert.java:21)
at com.TestNG_Features.SoftAssert.Bikes(SoftAssert.java:21)
at com.TestNG_Features.SoftAssert.Bikes(SoftAssert.java:21)
at com.TestNG_Features.SoftAssert.Bikes(SoftAssert.java:21)
at com.TestNG_Features.SoftAssert.Bikes(SoftAssert.java:21)
at com.TestNG_Features.SoftAssert.Bikes(SoftAssert.java:21)
at com.TestNG_Features.SoftAssert.Bikes(SoftAssert.java:21)
at com.TestNG_Features.SoftAssert.Bikes(SoftAssert.java:21)
at com.TestNG_Features.SoftAssert.Bikes(SoftAssert.java:21)
at com.TestNG_Features.SoftAssert.Bikes(SoftAssert.java:21)
at com.TestNG_Features.SoftAssert.Bikes(SoftAssert.java:21)
at com.TestNG_Features.SoftAssert.Bikes(SoftAssert.java:21)
at com.TestNG_Features.SoftAssert.Bikes(SoftAssert.java:21)
at com.TestNG_Features.SoftAssert.Bikes(SoftAssert.java:21)
at com.TestNG_Features.SoftAssert.Bikes(SoftAssert.java:21)
at com.TestNG_Features.SoftAssert.Bikes(SoftAssert.java:21)
at com.TestNG_Features.SoftAssert.Bikes(SoftAssert.java:21)
at com.TestNG_Features.SoftAssert.Bikes(SoftAssert.java:21)
at com.TestNG_Features.SoftAssert.Bikes(SoftAssert.java:21)
at com.TestNG_Features.SoftAssert.Bikes(SoftAssert.java:21)
at com.TestNG_Features.SoftAssert.Bikes(SoftAssert.java:21)
at com.TestNG_Features.SoftAssert.Bikes(SoftAssert.java:21)
at com.TestNG_Features.SoftAssert.Bikes(SoftAssert.java:21)
at com.TestNG_Features.SoftAssert.Bikes(SoftAssert.java:21)
at com.TestNG_Features.SoftAssert.Bikes(SoftAssert.java:21)
at com.TestNG_Features.SoftAssert.Bikes(SoftAssert.java:21)
at com.TestNG_Features.SoftAssert.Bikes(SoftAssert.java:21)
at com.TestNG_Features.SoftAssert.Bikes(SoftAssert.java:21)
at com.TestNG_Features.SoftAssert.Bikes(SoftAssert.java:21)
at com.TestNG_Features.SoftAssert.Bikes(SoftAssert.java:21)
at com.TestNG_Features.SoftAssert.Bikes(SoftAssert.java:21)
at com.TestNG_Features.SoftAssert.Bikes(SoftAssert.java:21)
at com.TestNG_Features.SoftAssert.Bikes(SoftAssert.java:21)
at com.TestNG_Features.SoftAssert.Bikes(SoftAssert.java:21)
at com.TestNG_Features.SoftAssert.Bikes(SoftAssert.java:21)
at com.TestNG_Features.SoftAssert.Bikes(SoftAssert.java:21)
at com.TestNG_Features.SoftAssert.Bikes(SoftAssert.java:21)
at com.TestNG_Features.SoftAssert.Bikes(SoftAssert.java:21)
at com.TestNG_Features.SoftAssert.Bikes(SoftAssert.java:21)
at com.TestNG_Features.SoftAssert.Bikes(SoftAssert.java:21)
at com.TestNG_Features.SoftAssert.Bikes(SoftAssert.java:21)
at com.TestNG_Features.SoftAssert.Bikes(SoftAssert.java:21)
at com.TestNG_Features.SoftAssert.Bikes(SoftAssert.java:21)
at com.TestNG_Features.SoftAssert.Bikes(SoftAssert.java:21)
at com.TestNG_Features.SoftAssert.Bikes(SoftAssert.java:21)
at com.TestNG_Features.SoftAssert.Bikes(SoftAssert.java:21)
at com.TestNG_Features.SoftAssert.Bikes(SoftAssert.java:21)
at com.TestNG_Features.SoftAssert.Bikes(SoftAssert.java:21)
at com.TestNG_Features.SoftAssert.Bikes(SoftAssert.java:21)
at com.TestNG_Features.SoftAssert.Bikes(SoftAssert.java:21)
at com.TestNG_Features.SoftAssert.Bikes(SoftAssert.java:21)
at com.TestNG_Features.SoftAssert.Bikes(SoftAssert.java:21)
at com.TestNG_Features.SoftAssert.Bikes(SoftAssert.java:21)
at com.TestNG_Features.SoftAssert.Bikes(SoftAssert.java:21)
at com.TestNG_Features.SoftAssert.Bikes(SoftAssert.java:21)
at com.TestNG_Features.SoftAssert.Bikes(SoftAssert.java:21)
at com.TestNG_Features.SoftAssert.Bikes(SoftAssert.java:21)
at com.TestNG_Features.SoftAssert.Bikes(SoftAssert.java:21)
at com.TestNG_Features.SoftAssert.Bikes(SoftAssert.java:21)
at com.TestNG_Features.SoftAssert.Bikes(SoftAssert.java:21)
at com.TestNG_Features.SoftAssert.Bikes(SoftAssert.java:21)
at com.TestNG_Features.SoftAssert.Bikes(SoftAssert.java:21)
at com.TestNG_Features.SoftAssert.Bikes(SoftAssert.java:21)
at com.TestNG_Features.SoftAssert.Bikes(SoftAssert.java:21)
at com.TestNG_Features.SoftAssert.Bikes(SoftAssert.java:21)
at com.TestNG_Features.SoftAssert.Bikes(SoftAssert.java:21)
at com.TestNG_Features.SoftAssert.Bikes(SoftAssert.java:21)
at com.TestNG_Features.SoftAssert.Bikes(SoftAssert.java:21)
at com.TestNG_Features.SoftAssert.Bikes(SoftAssert.java:21)
at com.TestNG_Features.SoftAssert.Bikes(SoftAssert.java:21)
at com.TestNG_Features.SoftAssert.Bikes(SoftAssert.java:21)
at com.TestNG_Features.SoftAssert.Bikes(SoftAssert.java:21)
at com.TestNG_Features.SoftAssert.Bikes(SoftAssert.java:21)
at com.TestNG_Features.SoftAssert.Bikes(SoftAssert.java:21)
at com.TestNG_Features.SoftAssert.Bikes(SoftAssert.java:21)
at com.TestNG_Features.SoftAssert.Bikes(SoftAssert.java:21)
at com.TestNG_Features.SoftAssert.Bikes(SoftAssert.java:21)
at com.TestNG_Features.SoftAssert.Bikes(SoftAssert.java:21)
at com.TestNG_Features.SoftAssert.Bikes(SoftAssert.java:21)
at com.TestNG_Features.SoftAssert.Bikes(SoftAssert.java:21)
at com.TestNG_Features.SoftAssert.Bikes(SoftAssert.java:21)
at com.TestNG_Features.SoftAssert.Bikes(SoftAssert.java:21)
at com.TestNG_Features.SoftAssert.Bikes(SoftAssert.java:21)
at com.TestNG_Features.SoftAssert.Bikes(SoftAssert.java:21)
at com.TestNG_Features.SoftAssert.Bikes(SoftAssert.java:21)
at com.TestNG_Features.SoftAssert.Bikes(SoftAssert.java:21)
at com.TestNG_Features.SoftAssert.Bikes(SoftAssert.java:21)
at com.TestNG_Features.SoftAssert.Bikes(SoftAssert.java:21)
at com.TestNG_Features.SoftAssert.Bikes(SoftAssert.java:21)
at com.TestNG_Features.SoftAssert.Bikes(SoftAssert.java:21)
at com.TestNG_Features.SoftAssert.Bikes(SoftAssert.java:21)
at com.TestNG_Features.SoftAssert.Bikes(SoftAssert.java:21)
at com.TestNG_Features.SoftAssert.Bikes(SoftAssert.java:21)
at com.TestNG_Features.SoftAssert.Bikes(SoftAssert.java:21)
at com.TestNG_Features.SoftAssert.Bikes(SoftAssert.java:21)
at com.TestNG_Features.SoftAssert.Bikes(SoftAssert.java:21)
at com.TestNG_Features.SoftAssert.Bikes(SoftAssert.java:21)
at com.TestNG_Features.SoftAssert.Bikes(SoftAssert.java:21)
at com.TestNG_Features.SoftAssert.Bikes(SoftAssert.java:21)
at com.TestNG_Features.SoftAssert.Bikes(SoftAssert.java:21)
at com.TestNG_Features.SoftAssert.Bikes(SoftAssert.java:21)
at com.TestNG_Features.SoftAssert.Bikes(SoftAssert.java:21)
at com.TestNG_Features.SoftAssert.Bikes(SoftAssert.java:21)
at com.TestNG_Features.SoftAssert.Bikes(SoftAssert.java:21)
at com.TestNG_Features.SoftAssert.Bikes(SoftAssert.java:21)
at com.TestNG_Features.SoftAssert.Bikes(SoftAssert.java:21)
at com.TestNG_Features.SoftAssert.Bikes(SoftAssert.java:21)
at com.TestNG_Features.SoftAssert.Bikes(SoftAssert.java:21)
at com.TestNG_Features.SoftAssert.Bikes(SoftAssert.java:21)
at com.TestNG_Features.SoftAssert.Bikes(SoftAssert.java:21)
at com.TestNG_Features.SoftAssert.Bikes(SoftAssert.java:21)
at com.TestNG_Features.SoftAssert.Bikes(SoftAssert.java:21)
at com.TestNG_Features.SoftAssert.Bikes(SoftAssert.java:21)
at com.TestNG_Features.SoftAssert.Bikes(SoftAssert.java:21)
at com.TestNG_Features.SoftAssert.Bikes(SoftAssert.java:21)
at com.TestNG_Features.SoftAssert.Bikes(SoftAssert.java:21)
at com.TestNG_Features.SoftAssert.Bikes(SoftAssert.java:21)
at com.TestNG_Features.SoftAssert.Bikes(SoftAssert.java:21)
at com.TestNG_Features.SoftAssert.Bikes(SoftAssert.java:21)
at com.TestNG_Features.SoftAssert.Bikes(SoftAssert.java:21)
at com.TestNG_Features.SoftAssert.Bikes(SoftAssert.java:21)
at com.TestNG_Features.SoftAssert.Bikes(SoftAssert.java:21)
at com.TestNG_Features.SoftAssert.Bikes(SoftAssert.java:21)
at com.TestNG_Features.SoftAssert.Bikes(SoftAssert.java:21)
at com.TestNG_Features.SoftAssert.Bikes(SoftAssert.java:21)
at com.TestNG_Features.SoftAssert.Bikes(SoftAssert.java:21)
at com.TestNG_Features.SoftAssert.Bikes(SoftAssert.java:21)
at com.TestNG_Features.SoftAssert.Bikes(SoftAssert.java:21)
at com.TestNG_Features.SoftAssert.Bikes(SoftAssert.java:21)
at com.TestNG_Features.SoftAssert.Bikes(SoftAssert.java:21)
at com.TestNG_Features.SoftAssert.Bikes(SoftAssert.java:21)
at com.TestNG_Features.SoftAssert.Bikes(SoftAssert.java:21)
at com.TestNG_Features.SoftAssert.Bikes(SoftAssert.java:21)
at com.TestNG_Features.SoftAssert.Bikes(SoftAssert.java:21)
at com.TestNG_Features.SoftAssert.Bikes(SoftAssert.java:21)
at com.TestNG_Features.SoftAssert.Bikes(SoftAssert.java:21)
at com.TestNG_Features.SoftAssert.Bikes(SoftAssert.java:21)
at com.TestNG_Features.SoftAssert.Bikes(SoftAssert.java:21)
at com.TestNG_Features.SoftAssert.Bikes(SoftAssert.java:21)
at com.TestNG_Features.SoftAssert.Bikes(SoftAssert.java:21)
at com.TestNG_Features.SoftAssert.Bikes(SoftAssert.java:21)
at com.TestNG_Features.SoftAssert.Bikes(SoftAssert.java:21)
at com.TestNG_Features.SoftAssert.Bikes(SoftAssert.java:21)
at com.TestNG_Features.SoftAssert.Bikes(SoftAssert.java:21)
at com.TestNG_Features.SoftAssert.Bikes(SoftAssert.java:21)
at com.TestNG_Features.SoftAssert.Bikes(SoftAssert.java:21)
at com.TestNG_Features.SoftAssert.Bikes(SoftAssert.java:21)
at com.TestNG_Features.SoftAssert.Bikes(SoftAssert.java:21)
at com.TestNG_Features.SoftAssert.Bikes(SoftAssert.java:21)
at com.TestNG_Features.SoftAssert.Bikes(SoftAssert.java:21)
at com.TestNG_Features.SoftAssert.Bikes(SoftAssert.java:21)
at com.TestNG_Features.SoftAssert.Bikes(SoftAssert.java:21)
at com.TestNG_Features.SoftAssert.Bikes(SoftAssert.java:21)
at com.TestNG_Features.SoftAssert.Bikes(SoftAssert.java:21)
at com.TestNG_Features.SoftAssert.Bikes(SoftAssert.java:21)
at com.TestNG_Features.SoftAssert.Bikes(SoftAssert.java:21)
at com.TestNG_Features.SoftAssert.Bikes(SoftAssert.java:21)
at com.TestNG_Features.SoftAssert.Bikes(SoftAssert.java:21)
at com.TestNG_Features.SoftAssert.Bikes(SoftAssert.java:21)
at com.TestNG_Features.SoftAssert.Bikes(SoftAssert.java:21)
at com.TestNG_Features.SoftAssert.Bikes(SoftAssert.java:21)
at com.TestNG_Features.SoftAssert.Bikes(SoftAssert.java:21)
at com.TestNG_Features.SoftAssert.Bikes(SoftAssert.java:21)
at com.TestNG_Features.SoftAssert.Bikes(SoftAssert.java:21)
at com.TestNG_Features.SoftAssert.Bikes(SoftAssert.java:21)
at com.TestNG_Features.SoftAssert.Bikes(SoftAssert.java:21)
at com.TestNG_Features.SoftAssert.Bikes(SoftAssert.java:21)
at com.TestNG_Features.SoftAssert.Bikes(SoftAssert.java:21)
at com.TestNG_Features.SoftAssert.Bikes(SoftAssert.java:21)
at com.TestNG_Features.SoftAssert.Bikes(SoftAssert.java:21)
at com.TestNG_Features.SoftAssert.Bikes(SoftAssert.java:21)
at com.TestNG_Features.SoftAssert.Bikes(SoftAssert.java:21)
at com.TestNG_Features.SoftAssert.Bikes(SoftAssert.java:21)
at com.TestNG_Features.SoftAssert.Bikes(SoftAssert.java:21)
at com.TestNG_Features.SoftAssert.Bikes(SoftAssert.java:21)
at com.TestNG_Features.SoftAssert.Bikes(SoftAssert.java:21)
at com.TestNG_Features.SoftAssert.Bikes(SoftAssert.java:21)
at com.TestNG_Features.SoftAssert.Bikes(SoftAssert.java:21)
at com.TestNG_Features.SoftAssert.Bikes(SoftAssert.java:21)
at com.TestNG_Features.SoftAssert.Bikes(SoftAssert.java:21)
at com.TestNG_Features.SoftAssert.Bikes(SoftAssert.java:21)
at com.TestNG_Features.SoftAssert.Bikes(SoftAssert.java:21)
at com.TestNG_Features.SoftAssert.Bikes(SoftAssert.java:21)
at com.TestNG_Features.SoftAssert.Bikes(SoftAssert.java:21)
at com.TestNG_Features.SoftAssert.Bikes(SoftAssert.java:21)
at com.TestNG_Features.SoftAssert.Bikes(SoftAssert.java:21)
at com.TestNG_Features.SoftAssert.Bikes(SoftAssert.java:21)
at com.TestNG_Features.SoftAssert.Bikes(SoftAssert.java:21)
at com.TestNG_Features.SoftAssert.Bikes(SoftAssert.java:21)
at com.TestNG_Features.SoftAssert.Bikes(SoftAssert.java:21)
at com.TestNG_Features.SoftAssert.Bikes(SoftAssert.java:21)
at com.TestNG_Features.SoftAssert.Bikes(SoftAssert.java:21)
at com.TestNG_Features.SoftAssert.Bikes(SoftAssert.java:21)
at com.TestNG_Features.SoftAssert.Bikes(SoftAssert.java:21)
at com.TestNG_Features.SoftAssert.Bikes(SoftAssert.java:21)
at com.TestNG_Features.SoftAssert.Bikes(SoftAssert.java:21)
at com.TestNG_Features.SoftAssert.Bikes(SoftAssert.java:21)
at com.TestNG_Features.SoftAssert.Bikes(SoftAssert.java:21)
at com.TestNG_Features.SoftAssert.Bikes(SoftAssert.java:21)
at com.TestNG_Features.SoftAssert.Bikes(SoftAssert.java:21)
at com.TestNG_Features.SoftAssert.Bikes(SoftAssert.java:21)
at com.TestNG_Features.SoftAssert.Bikes(SoftAssert.java:21)
at com.TestNG_Features.SoftAssert.Bikes(SoftAssert.java:21)
at com.TestNG_Features.SoftAssert.Bikes(SoftAssert.java:21)
at com.TestNG_Features.SoftAssert.Bikes(SoftAssert.java:21)
at com.TestNG_Features.SoftAssert.Bikes(SoftAssert.java:21)
at com.TestNG_Features.SoftAssert.Bikes(SoftAssert.java:21)
at com.TestNG_Features.SoftAssert.Bikes(SoftAssert.java:21)
at com.TestNG_Features.SoftAssert.Bikes(SoftAssert.java:21)
at com.TestNG_Features.SoftAssert.Bikes(SoftAssert.java:21)
at com.TestNG_Features.SoftAssert.Bikes(SoftAssert.java:21)
at com.TestNG_Features.SoftAssert.Bikes(SoftAssert.java:21)
at com.TestNG_Features.SoftAssert.Bikes(SoftAssert.java:21)
at com.TestNG_Features.SoftAssert.Bikes(SoftAssert.java:21)
at com.TestNG_Features.SoftAssert.Bikes(SoftAssert.java:21)
at com.TestNG_Features.SoftAssert.Bikes(SoftAssert.java:21)
at com.TestNG_Features.SoftAssert.Bikes(SoftAssert.java:21)
at com.TestNG_Features.SoftAssert.Bikes(SoftAssert.java:21)
at com.TestNG_Features.SoftAssert.Bikes(SoftAssert.java:21)
at com.TestNG_Features.SoftAssert.Bikes(SoftAssert.java:21)
at com.TestNG_Features.SoftAssert.Bikes(SoftAssert.java:21)
at com.TestNG_Features.SoftAssert.Bikes(SoftAssert.java:21)
at com.TestNG_Features.SoftAssert.Bikes(SoftAssert.java:21)
at com.TestNG_Features.SoftAssert.Bikes(SoftAssert.java:21)
at com.TestNG_Features.SoftAssert.Bikes(SoftAssert.java:21)
at com.TestNG_Features.SoftAssert.Bikes(SoftAssert.java:21)
at com.TestNG_Features.SoftAssert.Bikes(SoftAssert.java:21)
at com.TestNG_Features.SoftAssert.Bikes(SoftAssert.java:21)
at com.TestNG_Features.SoftAssert.Bikes(SoftAssert.java:21)
at com.TestNG_Features.SoftAssert.Bikes(SoftAssert.java:21)
at com.TestNG_Features.SoftAssert.Bikes(SoftAssert.java:21)
at com.TestNG_Features.SoftAssert.Bikes(SoftAssert.java:21)
at com.TestNG_Features.SoftAssert.Bikes(SoftAssert.java:21)
at com.TestNG_Features.SoftAssert.Bikes(SoftAssert.java:21)
at com.TestNG_Features.SoftAssert.Bikes(SoftAssert.java:21)
at com.TestNG_Features.SoftAssert.Bikes(SoftAssert.java:21)
at com.TestNG_Features.SoftAssert.Bikes(SoftAssert.java:21)
at com.TestNG_Features.SoftAssert.Bikes(SoftAssert.java:21)
at com.TestNG_Features.SoftAssert.Bikes(SoftAssert.java:21)
at com.TestNG_Features.SoftAssert.Bikes(SoftAssert.java:21)
at com.TestNG_Features.SoftAssert.Bikes(SoftAssert.java:21)
at com.TestNG_Features.SoftAssert.Bikes(SoftAssert.java:21)
at com.TestNG_Features.SoftAssert.Bikes(SoftAssert.java:21)
at com.TestNG_Features.SoftAssert.Bikes(SoftAssert.java:21)
at com.TestNG_Features.SoftAssert.Bikes(SoftAssert.java:21)
at com.TestNG_Features.SoftAssert.Bikes(SoftAssert.java:21)
at com.TestNG_Features.SoftAssert.Bikes(SoftAssert.java:21)
at com.TestNG_Features.SoftAssert.Bikes(SoftAssert.java:21)
at com.TestNG_Features.SoftAssert.Bikes(SoftAssert.java:21)
at com.TestNG_Features.SoftAssert.Bikes(SoftAssert.java:21)
at com.TestNG_Features.SoftAssert.Bikes(SoftAssert.java:21)
at com.TestNG_Features.SoftAssert.Bikes(SoftAssert.java:21)
at com.TestNG_Features.SoftAssert.Bikes(SoftAssert.java:21)
at com.TestNG_Features.SoftAssert.Bikes(SoftAssert.java:21)
at com.TestNG_Features.SoftAssert.Bikes(SoftAssert.java:21)
at com.TestNG_Features.SoftAssert.Bikes(SoftAssert.java:21)
at com.TestNG_Features.SoftAssert.Bikes(SoftAssert.java:21)
at com.TestNG_Features.SoftAssert.Bikes(SoftAssert.java:21)
at com.TestNG_Features.SoftAssert.Bikes(SoftAssert.java:21)
at com.TestNG_Features.SoftAssert.Bikes(SoftAssert.java:21)
at com.TestNG_Features.SoftAssert.Bikes(SoftAssert.java:21)
at com.TestNG_Features.SoftAssert.Bikes(SoftAssert.java:21)
at com.TestNG_Features.SoftAssert.Bikes(SoftAssert.java:21)
at com.TestNG_Features.SoftAssert.Bikes(SoftAssert.java:21)
at com.TestNG_Features.SoftAssert.Bikes(SoftAssert.java:21)
at com.TestNG_Features.SoftAssert.Bikes(SoftAssert.java:21)
at com.TestNG_Features.SoftAssert.Bikes(SoftAssert.java:21)
at com.TestNG_Features.SoftAssert.Bikes(SoftAssert.java:21)
at com.TestNG_Features.SoftAssert.Bikes(SoftAssert.java:21)
at com.TestNG_Features.SoftAssert.Bikes(SoftAssert.java:21)
at com.TestNG_Features.SoftAssert.Bikes(SoftAssert.java:21)
at com.TestNG_Features.SoftAssert.Bikes(SoftAssert.java:21)
at com.TestNG_Features.SoftAssert.Bikes(SoftAssert.java:21)
at com.TestNG_Features.SoftAssert.Bikes(SoftAssert.java:21)
at com.TestNG_Features.SoftAssert.Bikes(SoftAssert.java:21)
at com.TestNG_Features.SoftAssert.Bikes(SoftAssert.java:21)
at com.TestNG_Features.SoftAssert.Bikes(SoftAssert.java:21)
at com.TestNG_Features.SoftAssert.Bikes(SoftAssert.java:21)
at com.TestNG_Features.SoftAssert.Bikes(SoftAssert.java:21)
at com.TestNG_Features.SoftAssert.Bikes(SoftAssert.java:21)
at com.TestNG_Features.SoftAssert.Bikes(SoftAssert.java:21)
at com.TestNG_Features.SoftAssert.Bikes(SoftAssert.java:21)
at com.TestNG_Features.SoftAssert.Bikes(SoftAssert.java:21)
at com.TestNG_Features.SoftAssert.Bikes(SoftAssert.java:21)
at com.TestNG_Features.SoftAssert.Bikes(SoftAssert.java:21)
at com.TestNG_Features.SoftAssert.Bikes(SoftAssert.java:21)
at com.TestNG_Features.SoftAssert.Bikes(SoftAssert.java:21)
at com.TestNG_Features.SoftAssert.Bikes(SoftAssert.java:21)
at com.TestNG_Features.SoftAssert.Bikes(SoftAssert.java:21)
at com.TestNG_Features.SoftAssert.Bikes(SoftAssert.java:21)
at com.TestNG_Features.SoftAssert.Bikes(SoftAssert.java:21)
at com.TestNG_Features.SoftAssert.Bikes(SoftAssert.java:21)
at com.TestNG_Features.SoftAssert.Bikes(SoftAssert.java:21)
at com.TestNG_Features.SoftAssert.Bikes(SoftAssert.java:21)
at com.TestNG_Features.SoftAssert.Bikes(SoftAssert.java:21)
at com.TestNG_Features.SoftAssert.Bikes(SoftAssert.java:21)
at com.TestNG_Features.SoftAssert.Bikes(SoftAssert.java:21)
at com.TestNG_Features.SoftAssert.Bikes(SoftAssert.java:21)
at com.TestNG_Features.SoftAssert.Bikes(SoftAssert.java:21)
at com.TestNG_Features.SoftAssert.Bikes(SoftAssert.java:21)
at com.TestNG_Features.SoftAssert.Bikes(SoftAssert.java:21)
at com.TestNG_Features.SoftAssert.Bikes(SoftAssert.java:21)
at com.TestNG_Features.SoftAssert.Bikes(SoftAssert.java:21)
at com.TestNG_Features.SoftAssert.Bikes(SoftAssert.java:21)
at com.TestNG_Features.SoftAssert.Bikes(SoftAssert.java:21)
at com.TestNG_Features.SoftAssert.Bikes(SoftAssert.java:21)
at com.TestNG_Features.SoftAssert.Bikes(SoftAssert.java:21)
at com.TestNG_Features.SoftAssert.Bikes(SoftAssert.java:21)
at com.TestNG_Features.SoftAssert.Bikes(SoftAssert.java:21)
at com.TestNG_Features.SoftAssert.Bikes(SoftAssert.java:21)
at com.TestNG_Features.SoftAssert.Bikes(SoftAssert.java:21)
at com.TestNG_Features.SoftAssert.Bikes(SoftAssert.java:21)
at com.TestNG_Features.SoftAssert.Bikes(SoftAssert.java:21)
at com.TestNG_Features.SoftAssert.Bikes(SoftAssert.java:21)
at com.TestNG_Features.SoftAssert.Bikes(SoftAssert.java:21)
at com.TestNG_Features.SoftAssert.Bikes(SoftAssert.java:21)
at com.TestNG_Features.SoftAssert.Bikes(SoftAssert.java:21)
at com.TestNG_Features.SoftAssert.Bikes(SoftAssert.java:21)
at com.TestNG_Features.SoftAssert.Bikes(SoftAssert.java:21)
at com.TestNG_Features.SoftAssert.Bikes(SoftAssert.java:21)
at com.TestNG_Features.SoftAssert.Bikes(SoftAssert.java:21)
at com.TestNG_Features.SoftAssert.Bikes(SoftAssert.java:21)
at com.TestNG_Features.SoftAssert.Bikes(SoftAssert.java:21)
at com.TestNG_Features.SoftAssert.Bikes(SoftAssert.java:21)
at com.TestNG_Features.SoftAssert.Bikes(SoftAssert.java:21)
at com.TestNG_Features.SoftAssert.Bikes(SoftAssert.java:21)
at com.TestNG_Features.SoftAssert.Bikes(SoftAssert.java:21)
at com.TestNG_Features.SoftAssert.Bikes(SoftAssert.java:21)
at com.TestNG_Features.SoftAssert.Bikes(SoftAssert.java:21)
at com.TestNG_Features.SoftAssert.Bikes(SoftAssert.java:21)
at com.TestNG_Features.SoftAssert.Bikes(SoftAssert.java:21)
at com.TestNG_Features.SoftAssert.Bikes(SoftAssert.java:21)
at com.TestNG_Features.SoftAssert.Bikes(SoftAssert.java:21)
at com.TestNG_Features.SoftAssert.Bikes(SoftAssert.java:21)
at com.TestNG_Features.SoftAssert.Bikes(SoftAssert.java:21)
at com.TestNG_Features.SoftAssert.Bikes(SoftAssert.java:21)
at com.TestNG_Features.SoftAssert.Bikes(SoftAssert.java:21)
at com.TestNG_Features.SoftAssert.Bikes(SoftAssert.java:21)
at com.TestNG_Features.SoftAssert.Bikes(SoftAssert.java:21)
at com.TestNG_Features.SoftAssert.Bikes(SoftAssert.java:21)
at com.TestNG_Features.SoftAssert.Bikes(SoftAssert.java:21)
at com.TestNG_Features.SoftAssert.Bikes(SoftAssert.java:21)
at com.TestNG_Features.SoftAssert.Bikes(SoftAssert.java:21)
at com.TestNG_Features.SoftAssert.Bikes(SoftAssert.java:21)
at com.TestNG_Features.SoftAssert.Bikes(SoftAssert.java:21)
at com.TestNG_Features.SoftAssert.Bikes(SoftAssert.java:21)
at com.TestNG_Features.SoftAssert.Bikes(SoftAssert.java:21)
at com.TestNG_Features.SoftAssert.Bikes(SoftAssert.java:21)
at com.TestNG_Features.SoftAssert.Bikes(SoftAssert.java:21)
at com.TestNG_Features.SoftAssert.Bikes(SoftAssert.java:21)
at com.TestNG_Features.SoftAssert.Bikes(SoftAssert.java:21)
at com.TestNG_Features.SoftAssert.Bikes(SoftAssert.java:21)
at com.TestNG_Features.SoftAssert.Bikes(SoftAssert.java:21)
at com.TestNG_Features.SoftAssert.Bikes(SoftAssert.java:21)
at com.TestNG_Features.SoftAssert.Bikes(SoftAssert.java:21)
at com.TestNG_Features.SoftAssert.Bikes(SoftAssert.java:21)
at com.TestNG_Features.SoftAssert.Bikes(SoftAssert.java:21)
at com.TestNG_Features.SoftAssert.Bikes(SoftAssert.java:21)
at com.TestNG_Features.SoftAssert.Bikes(SoftAssert.java:21)
at com.TestNG_Features.SoftAssert.Bikes(SoftAssert.java:21)
at com.TestNG_Features.SoftAssert.Bikes(SoftAssert.java:21)
at com.TestNG_Features.SoftAssert.Bikes(SoftAssert.java:21)
at com.TestNG_Features.SoftAssert.Bikes(SoftAssert.java:21)
at com.TestNG_Features.SoftAssert.Bikes(SoftAssert.java:21)
at com.TestNG_Features.SoftAssert.Bikes(SoftAssert.java:21)
at com.TestNG_Features.SoftAssert.Bikes(SoftAssert.java:21)
at com.TestNG_Features.SoftAssert.Bikes(SoftAssert.java:21)
at com.TestNG_Features.SoftAssert.Bikes(SoftAssert.java:21)
at com.TestNG_Features.SoftAssert.Bikes(SoftAssert.java:21)
at com.TestNG_Features.SoftAssert.Bikes(SoftAssert.java:21)
at com.TestNG_Features.SoftAssert.Bikes(SoftAssert.java:21)
at com.TestNG_Features.SoftAssert.Bikes(SoftAssert.java:21)
at com.TestNG_Features.SoftAssert.Bikes(SoftAssert.java:21)
at com.TestNG_Features.SoftAssert.Bikes(SoftAssert.java:21)
at com.TestNG_Features.SoftAssert.Bikes(SoftAssert.java:21)
at com.TestNG_Features.SoftAssert.Bikes(SoftAssert.java:21)
at com.TestNG_Features.SoftAssert.Bikes(SoftAssert.java:21)
at com.TestNG_Features.SoftAssert.Bikes(SoftAssert.java:21)
at com.TestNG_Features.SoftAssert.Bikes(SoftAssert.java:21)
at com.TestNG_Features.SoftAssert.Bikes(SoftAssert.java:21)
at com.TestNG_Features.SoftAssert.Bikes(SoftAssert.java:21)
at com.TestNG_Features.SoftAssert.Bikes(SoftAssert.java:21)
]]>
    </error>
  </testcase> <!-- Bikes -->
  <system-out/>
  <testcase classname="com.TestNG_Features.SoftAssert" name="bikes" time="0.005"/>
  <system-out/>
</testsuite> <!-- com.TestNG_Features.SoftAssert -->
