<?xml version="1.0" encoding="UTF-8"?>
<!-- Generated by org.testng.reporters.JUnitReportReporter -->
<testsuite hostname="DESKTOP-U69PFSK" failures="0" tests="3" name="com.TestNG_Features.IgnoreTest" time="0.027" errors="0" timestamp="2022-11-19T22:13:36 IST" skipped="1">
  <testcase classname="com.TestNG_Features.IgnoreTest" name="RE" time="0.024"/>
  <system-out/>
  <testcase classname="com.TestNG_Features.IgnoreTest" name="Yamaha" time="0.003"/>
  <system-out/>
  <testcase classname="com.TestNG_Features.IgnoreTest" name="BMW">
    <skipped/>
  </testcase> <!-- BMW -->
  <system-out/>
</testsuite> <!-- com.TestNG_Features.IgnoreTest -->
