<?xml version="1.0" encoding="UTF-8"?>
<!-- Generated by org.testng.reporters.JUnitReportReporter -->
<testsuite hostname="DESKTOP-U69PFSK" failures="0" tests="4" name="Grouping_Test.Groups" time="0.025" errors="0" timestamp="2022-11-19T21:48:15 IST" skipped="0">
  <testcase classname="Grouping_Test.Groups" name="WebTable" time="0.002"/>
  <system-out/>
  <testcase classname="Grouping_Test.Groups" name="WebElement" time="0.002"/>
  <system-out/>
  <testcase classname="Grouping_Test.Groups" name="Timeout" time="0.017"/>
  <system-out/>
  <testcase classname="Grouping_Test.Groups" name="WebDriver" time="0.004"/>
  <system-out/>
</testsuite> <!-- Grouping_Test.Groups -->
