<?xml version="1.0" encoding="UTF-8"?>
<!-- Generated by org.testng.reporters.JUnitReportReporter -->
<testsuite hostname="DESKTOP-U69PFSK" failures="0" tests="1" name="com.TestNG_Features.ExpectedException" time="16.635" errors="0" timestamp="2022-11-27T20:22:48 IST" skipped="0">
  <testcase classname="com.TestNG_Features.ExpectedException" name="expected" time="16.635"/>
  <system-out/>
</testsuite> <!-- com.TestNG_Features.ExpectedException -->
