<?xml version="1.0" encoding="UTF-8"?>
<!-- Generated by org.testng.reporters.JUnitReportReporter -->
<testsuite hostname="DESKTOP-U69PFSK" failures="0" tests="2" name="com.TestNG_Features.ParameterizedTest" time="0.033" errors="0" timestamp="2022-11-22T18:55:53 IST" skipped="0">
  <testcase classname="com.TestNG_Features.ParameterizedTest" name="name" time="0.010"/>
  <system-out/>
  <testcase classname="com.TestNG_Features.ParameterizedTest" name="Details" time="0.023"/>
  <system-out/>
</testsuite> <!-- com.TestNG_Features.ParameterizedTest -->
