<?xml version="1.0" encoding="UTF-8"?>
<!-- Generated by org.testng.reporters.JUnitReportReporter -->
<testsuite hostname="DESKTOP-U69PFSK" failures="0" tests="4" name="com.TestNG_Features.Prioity_Invocationcount_Methods" time="0.042" errors="0" timestamp="2022-11-16T20:04:31 IST" skipped="0">
  <testcase classname="com.TestNG_Features.Prioity_Invocationcount_Methods" name="RE" time="0.003"/>
  <system-out/>
  <testcase classname="com.TestNG_Features.Prioity_Invocationcount_Methods" name="RE" time="0.022"/>
  <system-out/>
  <testcase classname="com.TestNG_Features.Prioity_Invocationcount_Methods" name="KTM" time="0.009"/>
  <system-out/>
  <testcase classname="com.TestNG_Features.Prioity_Invocationcount_Methods" name="Yamaha" time="0.008"/>
  <system-out/>
</testsuite> <!-- com.TestNG_Features.Prioity_Invocationcount_Methods -->
