<?xml version="1.0" encoding="UTF-8"?>
<!-- Generated by org.testng.reporters.JUnitReportReporter -->
<testsuite hostname="DESKTOP-U69PFSK" failures="0" tests="4" name="com.TestNG_Features.Groups" time="0.035" errors="0" timestamp="2022-11-27T21:19:50 IST" skipped="0">
  <testcase classname="com.TestNG_Features.Groups" name="WebTable" time="0.002"/>
  <system-out/>
  <testcase classname="com.TestNG_Features.Groups" name="Ignore" time="0.028"/>
  <system-out/>
  <testcase classname="com.TestNG_Features.Groups" name="WebDriver" time="0.002"/>
  <system-out/>
  <testcase classname="com.TestNG_Features.Groups" name="WebElement" time="0.003"/>
  <system-out/>
</testsuite> <!-- com.TestNG_Features.Groups -->
