<?xml version="1.0" encoding="UTF-8"?>
<!-- Generated by org.testng.reporters.JUnitReportReporter -->
<testsuite hostname="DESKTOP-U69PFSK" failures="0" tests="3" name="com.TestNG_Features.SoftAssertTest" time="0.051" errors="0" timestamp="2022-11-23T10:46:24 IST" skipped="0">
  <testcase classname="com.TestNG_Features.SoftAssertTest" name="Bike" time="0.023"/>
  <system-out/>
  <testcase classname="com.TestNG_Features.SoftAssertTest" name="Power" time="0.025"/>
  <system-out/>
  <testcase classname="com.TestNG_Features.SoftAssertTest" name="Royal" time="0.003"/>
  <system-out/>
</testsuite> <!-- com.TestNG_Features.SoftAssertTest -->
